<?xml version="1.0" encoding="UTF-8"?>
<coverage generated="1754660211459" clover="3.2.0">
  <project timestamp="1754660211459" name="All files">
    <metrics statements="67" coveredstatements="67" conditionals="19" coveredconditionals="19" methods="9" coveredmethods="9" elements="95" coveredelements="95" complexity="0" loc="67" ncloc="67" packages="1" files="6" classes="6"/>
    <file name="analyzeArray.js" path="C:\Users\Snave\Downloads\TOP\The-Odin-Project\jest\analyzeArray.js">
      <metrics statements="16" coveredstatements="16" conditionals="4" coveredconditionals="4" methods="1" coveredmethods="1"/>
      <line num="1" count="3" type="cond" truecount="1" falsecount="0"/>
      <line num="2" count="3" type="cond" truecount="1" falsecount="0"/>
      <line num="3" count="1" type="stmt"/>
      <line num="4" count="1" type="cond" truecount="1" falsecount="0"/>
      <line num="5" count="2" type="stmt"/>
      <line num="6" count="2" type="cond" truecount="1" falsecount="0"/>
      <line num="7" count="2" type="stmt"/>
      <line num="8" count="2" type="stmt"/>
      <line num="9" count="2" type="stmt"/>
      <line num="10" count="2" type="stmt"/>
      <line num="11" count="2" type="stmt"/>
      <line num="12" count="2" type="stmt"/>
      <line num="13" count="2" type="stmt"/>
      <line num="14" count="2" type="stmt"/>
      <line num="15" count="1" type="stmt"/>
      <line num="16" count="1" type="stmt"/>
    </file>
    <file name="caesarCipher.js" path="C:\Users\Snave\Downloads\TOP\The-Odin-Project\jest\caesarCipher.js">
      <metrics statements="28" coveredstatements="28" conditionals="8" coveredconditionals="8" methods="1" coveredmethods="1"/>
      <line num="1" count="6" type="cond" truecount="1" falsecount="0"/>
      <line num="2" count="6" type="cond" truecount="1" falsecount="0"/>
      <line num="3" count="30" type="stmt"/>
      <line num="4" count="30" type="cond" truecount="1" falsecount="0"/>
      <line num="5" count="27" type="stmt"/>
      <line num="6" count="27" type="stmt"/>
      <line num="7" count="27" type="stmt"/>
      <line num="8" count="27" type="stmt"/>
      <line num="9" count="27" type="stmt"/>
      <line num="10" count="27" type="stmt"/>
      <line num="11" count="27" type="stmt"/>
      <line num="12" count="27" type="stmt"/>
      <line num="13" count="27" type="stmt"/>
      <line num="14" count="27" type="cond" truecount="2" falsecount="0"/>
      <line num="15" count="27" type="stmt"/>
      <line num="16" count="27" type="stmt"/>
      <line num="17" count="27" type="stmt"/>
      <line num="18" count="27" type="stmt"/>
      <line num="19" count="27" type="stmt"/>
      <line num="20" count="27" type="cond" truecount="2" falsecount="0"/>
      <line num="21" count="27" type="cond" truecount="1" falsecount="0"/>
      <line num="22" count="3" type="stmt"/>
      <line num="23" count="3" type="stmt"/>
      <line num="24" count="3" type="stmt"/>
      <line num="25" count="6" type="stmt"/>
      <line num="26" count="6" type="stmt"/>
      <line num="27" count="1" type="stmt"/>
      <line num="28" count="1" type="stmt"/>
    </file>
    <file name="calculator.js" path="C:\Users\Snave\Downloads\TOP\The-Odin-Project\jest\calculator.js">
      <metrics statements="8" coveredstatements="8" conditionals="4" coveredconditionals="4" methods="4" coveredmethods="4"/>
      <line num="1" count="1" type="stmt"/>
      <line num="2" count="1" type="cond" truecount="1" falsecount="0"/>
      <line num="3" count="1" type="cond" truecount="1" falsecount="0"/>
      <line num="4" count="1" type="cond" truecount="1" falsecount="0"/>
      <line num="5" count="1" type="cond" truecount="1" falsecount="0"/>
      <line num="6" count="1" type="stmt"/>
      <line num="7" count="1" type="stmt"/>
      <line num="8" count="1" type="stmt"/>
    </file>
    <file name="capitalize.js" path="C:\Users\Snave\Downloads\TOP\The-Odin-Project\jest\capitalize.js">
      <metrics statements="5" coveredstatements="5" conditionals="1" coveredconditionals="1" methods="1" coveredmethods="1"/>
      <line num="1" count="1" type="cond" truecount="1" falsecount="0"/>
      <line num="2" count="1" type="stmt"/>
      <line num="3" count="1" type="stmt"/>
      <line num="4" count="1" type="stmt"/>
      <line num="5" count="1" type="stmt"/>
    </file>
    <file name="reverse-string.js" path="C:\Users\Snave\Downloads\TOP\The-Odin-Project\jest\reverse-string.js">
      <metrics statements="5" coveredstatements="5" conditionals="1" coveredconditionals="1" methods="1" coveredmethods="1"/>
      <line num="1" count="1" type="cond" truecount="1" falsecount="0"/>
      <line num="2" count="1" type="stmt"/>
      <line num="3" count="1" type="stmt"/>
      <line num="4" count="1" type="stmt"/>
      <line num="5" count="1" type="stmt"/>
    </file>
    <file name="sum.js" path="C:\Users\Snave\Downloads\TOP\The-Odin-Project\jest\sum.js">
      <metrics statements="5" coveredstatements="5" conditionals="1" coveredconditionals="1" methods="1" coveredmethods="1"/>
      <line num="1" count="27" type="cond" truecount="1" falsecount="0"/>
      <line num="2" count="27" type="stmt"/>
      <line num="3" count="27" type="stmt"/>
      <line num="4" count="1" type="stmt"/>
      <line num="5" count="1" type="stmt"/>
    </file>
  </project>
</coverage>
