{"C:\\Users\\Snave\\Downloads\\TOP\\The-Odin-Project\\jest\\analyzeArray.js": {"path":"C:\\Users\\Snave\\Downloads\\TOP\\The-Odin-Project\\jest\\analyzeArray.js","all":false,"statementMap":{"0":{"start":{"line":1,"column":0},"end":{"line":1,"column":30}},"1":{"start":{"line":2,"column":0},"end":{"line":2,"column":29}},"2":{"start":{"line":3,"column":0},"end":{"line":3,"column":49}},"3":{"start":{"line":4,"column":0},"end":{"line":4,"column":5}},"4":{"start":{"line":5,"column":0},"end":{"line":5,"column":4}},"5":{"start":{"line":6,"column":0},"end":{"line":6,"column":59}},"6":{"start":{"line":7,"column":0},"end":{"line":7,"column":4}},"7":{"start":{"line":8,"column":0},"end":{"line":8,"column":12}},"8":{"start":{"line":9,"column":0},"end":{"line":9,"column":36}},"9":{"start":{"line":10,"column":0},"end":{"line":10,"column":32}},"10":{"start":{"line":11,"column":0},"end":{"line":11,"column":32}},"11":{"start":{"line":12,"column":0},"end":{"line":12,"column":28}},"12":{"start":{"line":13,"column":0},"end":{"line":13,"column":6}},"13":{"start":{"line":14,"column":0},"end":{"line":14,"column":1}},"14":{"start":{"line":15,"column":0},"end":{"line":15,"column":0}},"15":{"start":{"line":16,"column":0},"end":{"line":16,"column":30}}},"s":{"0":3,"1":3,"2":1,"3":1,"4":2,"5":2,"6":2,"7":2,"8":2,"9":2,"10":2,"11":2,"12":2,"13":2,"14":1,"15":1},"branchMap":{"0":{"type":"branch","line":1,"loc":{"start":{"line":1,"column":0},"end":{"line":14,"column":1}},"locations":[{"start":{"line":1,"column":0},"end":{"line":14,"column":1}}]},"1":{"type":"branch","line":2,"loc":{"start":{"line":2,"column":28},"end":{"line":4,"column":5}},"locations":[{"start":{"line":2,"column":28},"end":{"line":4,"column":5}}]},"2":{"type":"branch","line":4,"loc":{"start":{"line":4,"column":4},"end":{"line":14,"column":1}},"locations":[{"start":{"line":4,"column":4},"end":{"line":14,"column":1}}]},"3":{"type":"branch","line":6,"loc":{"start":{"line":6,"column":29},"end":{"line":6,"column":54}},"locations":[{"start":{"line":6,"column":29},"end":{"line":6,"column":54}}]}},"b":{"0":[3],"1":[1],"2":[2],"3":[11]},"fnMap":{"0":{"name":"analyzeArray","decl":{"start":{"line":1,"column":0},"end":{"line":14,"column":1}},"loc":{"start":{"line":1,"column":0},"end":{"line":14,"column":1}},"line":1}},"f":{"0":3}}
,"C:\\Users\\Snave\\Downloads\\TOP\\The-Odin-Project\\jest\\caesarCipher.js": {"path":"C:\\Users\\Snave\\Downloads\\TOP\\The-Odin-Project\\jest\\caesarCipher.js","all":false,"statementMap":{"0":{"start":{"line":1,"column":0},"end":{"line":1,"column":38}},"1":{"start":{"line":2,"column":0},"end":{"line":2,"column":41}},"2":{"start":{"line":3,"column":0},"end":{"line":3,"column":41}},"3":{"start":{"line":4,"column":0},"end":{"line":4,"column":36}},"4":{"start":{"line":5,"column":0},"end":{"line":5,"column":50}},"5":{"start":{"line":6,"column":0},"end":{"line":6,"column":60}},"6":{"start":{"line":7,"column":0},"end":{"line":7,"column":62}},"7":{"start":{"line":8,"column":0},"end":{"line":8,"column":12}},"8":{"start":{"line":9,"column":0},"end":{"line":9,"column":63}},"9":{"start":{"line":10,"column":0},"end":{"line":10,"column":73}},"10":{"start":{"line":11,"column":0},"end":{"line":11,"column":68}},"11":{"start":{"line":12,"column":0},"end":{"line":12,"column":12}},"12":{"start":{"line":13,"column":0},"end":{"line":13,"column":51}},"13":{"start":{"line":14,"column":0},"end":{"line":14,"column":100}},"14":{"start":{"line":15,"column":0},"end":{"line":15,"column":12}},"15":{"start":{"line":16,"column":0},"end":{"line":16,"column":40}},"16":{"start":{"line":17,"column":0},"end":{"line":17,"column":73}},"17":{"start":{"line":18,"column":0},"end":{"line":18,"column":12}},"18":{"start":{"line":19,"column":0},"end":{"line":19,"column":37}},"19":{"start":{"line":20,"column":0},"end":{"line":20,"column":65}},"20":{"start":{"line":21,"column":0},"end":{"line":21,"column":9}},"21":{"start":{"line":22,"column":0},"end":{"line":22,"column":8}},"22":{"start":{"line":23,"column":0},"end":{"line":23,"column":55}},"23":{"start":{"line":24,"column":0},"end":{"line":24,"column":20}},"24":{"start":{"line":25,"column":0},"end":{"line":25,"column":16}},"25":{"start":{"line":26,"column":0},"end":{"line":26,"column":1}},"26":{"start":{"line":27,"column":0},"end":{"line":27,"column":0}},"27":{"start":{"line":28,"column":0},"end":{"line":28,"column":30}}},"s":{"0":6,"1":6,"2":30,"3":30,"4":27,"5":27,"6":27,"7":27,"8":27,"9":27,"10":27,"11":27,"12":27,"13":27,"14":27,"15":27,"16":27,"17":27,"18":27,"19":27,"20":27,"21":3,"22":3,"23":3,"24":6,"25":6,"26":1,"27":1},"branchMap":{"0":{"type":"branch","line":1,"loc":{"start":{"line":1,"column":0},"end":{"line":26,"column":1}},"locations":[{"start":{"line":1,"column":0},"end":{"line":26,"column":1}}]},"1":{"type":"branch","line":2,"loc":{"start":{"line":2,"column":32},"end":{"line":25,"column":5}},"locations":[{"start":{"line":2,"column":32},"end":{"line":25,"column":5}}]},"2":{"type":"branch","line":4,"loc":{"start":{"line":4,"column":35},"end":{"line":21,"column":9}},"locations":[{"start":{"line":4,"column":35},"end":{"line":21,"column":9}}]},"3":{"type":"branch","line":14,"loc":{"start":{"line":14,"column":58},"end":{"line":14,"column":81}},"locations":[{"start":{"line":14,"column":58},"end":{"line":14,"column":81}}]},"4":{"type":"branch","line":14,"loc":{"start":{"line":14,"column":81},"end":{"line":14,"column":99}},"locations":[{"start":{"line":14,"column":81},"end":{"line":14,"column":99}}]},"5":{"type":"branch","line":20,"loc":{"start":{"line":20,"column":30},"end":{"line":20,"column":54}},"locations":[{"start":{"line":20,"column":30},"end":{"line":20,"column":54}}]},"6":{"type":"branch","line":20,"loc":{"start":{"line":20,"column":54},"end":{"line":20,"column":64}},"locations":[{"start":{"line":20,"column":54},"end":{"line":20,"column":64}}]},"7":{"type":"branch","line":21,"loc":{"start":{"line":21,"column":8},"end":{"line":25,"column":5}},"locations":[{"start":{"line":21,"column":8},"end":{"line":25,"column":5}}]}},"b":{"0":[6],"1":[30],"2":[27],"3":[3],"4":[24],"5":[5],"6":[22],"7":[3]},"fnMap":{"0":{"name":"caesarCipher","decl":{"start":{"line":1,"column":0},"end":{"line":26,"column":1}},"loc":{"start":{"line":1,"column":0},"end":{"line":26,"column":1}},"line":1}},"f":{"0":6}}
,"C:\\Users\\Snave\\Downloads\\TOP\\The-Odin-Project\\jest\\calculator.js": {"path":"C:\\Users\\Snave\\Downloads\\TOP\\The-Odin-Project\\jest\\calculator.js","all":false,"statementMap":{"0":{"start":{"line":1,"column":0},"end":{"line":1,"column":20}},"1":{"start":{"line":2,"column":0},"end":{"line":2,"column":30}},"2":{"start":{"line":3,"column":0},"end":{"line":3,"column":35}},"3":{"start":{"line":4,"column":0},"end":{"line":4,"column":35}},"4":{"start":{"line":5,"column":0},"end":{"line":5,"column":32}},"5":{"start":{"line":6,"column":0},"end":{"line":6,"column":2}},"6":{"start":{"line":7,"column":0},"end":{"line":7,"column":0}},"7":{"start":{"line":8,"column":0},"end":{"line":8,"column":27}}},"s":{"0":1,"1":1,"2":1,"3":1,"4":1,"5":1,"6":1,"7":1},"branchMap":{"0":{"type":"branch","line":2,"loc":{"start":{"line":2,"column":2},"end":{"line":2,"column":29}},"locations":[{"start":{"line":2,"column":2},"end":{"line":2,"column":29}}]},"1":{"type":"branch","line":3,"loc":{"start":{"line":3,"column":2},"end":{"line":3,"column":34}},"locations":[{"start":{"line":3,"column":2},"end":{"line":3,"column":34}}]},"2":{"type":"branch","line":4,"loc":{"start":{"line":4,"column":2},"end":{"line":4,"column":34}},"locations":[{"start":{"line":4,"column":2},"end":{"line":4,"column":34}}]},"3":{"type":"branch","line":5,"loc":{"start":{"line":5,"column":2},"end":{"line":5,"column":32}},"locations":[{"start":{"line":5,"column":2},"end":{"line":5,"column":32}}]}},"b":{"0":[1],"1":[1],"2":[1],"3":[1]},"fnMap":{"0":{"name":"add","decl":{"start":{"line":2,"column":2},"end":{"line":2,"column":29}},"loc":{"start":{"line":2,"column":2},"end":{"line":2,"column":29}},"line":2},"1":{"name":"subtract","decl":{"start":{"line":3,"column":2},"end":{"line":3,"column":34}},"loc":{"start":{"line":3,"column":2},"end":{"line":3,"column":34}},"line":3},"2":{"name":"multiply","decl":{"start":{"line":4,"column":2},"end":{"line":4,"column":34}},"loc":{"start":{"line":4,"column":2},"end":{"line":4,"column":34}},"line":4},"3":{"name":"divide","decl":{"start":{"line":5,"column":2},"end":{"line":5,"column":32}},"loc":{"start":{"line":5,"column":2},"end":{"line":5,"column":32}},"line":5}},"f":{"0":1,"1":1,"2":1,"3":1}}
,"C:\\Users\\Snave\\Downloads\\TOP\\The-Odin-Project\\jest\\capitalize.js": {"path":"C:\\Users\\Snave\\Downloads\\TOP\\The-Odin-Project\\jest\\capitalize.js","all":false,"statementMap":{"0":{"start":{"line":1,"column":0},"end":{"line":1,"column":26}},"1":{"start":{"line":2,"column":0},"end":{"line":2,"column":71}},"2":{"start":{"line":3,"column":0},"end":{"line":3,"column":1}},"3":{"start":{"line":4,"column":0},"end":{"line":4,"column":0}},"4":{"start":{"line":5,"column":0},"end":{"line":5,"column":28}}},"s":{"0":1,"1":1,"2":1,"3":1,"4":1},"branchMap":{"0":{"type":"branch","line":1,"loc":{"start":{"line":1,"column":0},"end":{"line":3,"column":1}},"locations":[{"start":{"line":1,"column":0},"end":{"line":3,"column":1}}]}},"b":{"0":[1]},"fnMap":{"0":{"name":"capitalize","decl":{"start":{"line":1,"column":0},"end":{"line":3,"column":1}},"loc":{"start":{"line":1,"column":0},"end":{"line":3,"column":1}},"line":1}},"f":{"0":1}}
,"C:\\Users\\Snave\\Downloads\\TOP\\The-Odin-Project\\jest\\reverse-string.js": {"path":"C:\\Users\\Snave\\Downloads\\TOP\\The-Odin-Project\\jest\\reverse-string.js","all":false,"statementMap":{"0":{"start":{"line":1,"column":0},"end":{"line":1,"column":29}},"1":{"start":{"line":2,"column":0},"end":{"line":2,"column":53}},"2":{"start":{"line":3,"column":0},"end":{"line":3,"column":1}},"3":{"start":{"line":4,"column":0},"end":{"line":4,"column":0}},"4":{"start":{"line":5,"column":0},"end":{"line":5,"column":31}}},"s":{"0":1,"1":1,"2":1,"3":1,"4":1},"branchMap":{"0":{"type":"branch","line":1,"loc":{"start":{"line":1,"column":0},"end":{"line":3,"column":1}},"locations":[{"start":{"line":1,"column":0},"end":{"line":3,"column":1}}]}},"b":{"0":[1]},"fnMap":{"0":{"name":"reverseString","decl":{"start":{"line":1,"column":0},"end":{"line":3,"column":1}},"loc":{"start":{"line":1,"column":0},"end":{"line":3,"column":1}},"line":1}},"f":{"0":1}}
,"C:\\Users\\Snave\\Downloads\\TOP\\The-Odin-Project\\jest\\sum.js": {"path":"C:\\Users\\Snave\\Downloads\\TOP\\The-Odin-Project\\jest\\sum.js","all":false,"statementMap":{"0":{"start":{"line":1,"column":0},"end":{"line":1,"column":19}},"1":{"start":{"line":2,"column":0},"end":{"line":2,"column":16}},"2":{"start":{"line":3,"column":0},"end":{"line":3,"column":1}},"3":{"start":{"line":4,"column":0},"end":{"line":4,"column":0}},"4":{"start":{"line":5,"column":0},"end":{"line":5,"column":21}}},"s":{"0":27,"1":27,"2":27,"3":1,"4":1},"branchMap":{"0":{"type":"branch","line":1,"loc":{"start":{"line":1,"column":0},"end":{"line":3,"column":1}},"locations":[{"start":{"line":1,"column":0},"end":{"line":3,"column":1}}]}},"b":{"0":[27]},"fnMap":{"0":{"name":"sum","decl":{"start":{"line":1,"column":0},"end":{"line":3,"column":1}},"loc":{"start":{"line":1,"column":0},"end":{"line":3,"column":1}},"line":1}},"f":{"0":27}}
}
