TN:
SF:analyzeArray.js
FN:1,analyzeArray
FNF:1
FNH:1
FNDA:3,analyzeArray
DA:1,3
DA:2,3
DA:3,1
DA:4,1
DA:5,2
DA:6,2
DA:7,2
DA:8,2
DA:9,2
DA:10,2
DA:11,2
DA:12,2
DA:13,2
DA:14,2
DA:15,1
DA:16,1
LF:16
LH:16
BRDA:1,0,0,3
BRDA:2,1,0,1
BRDA:4,2,0,2
BRDA:6,3,0,11
BRF:4
BRH:4
end_of_record
TN:
SF:caesarCipher.js
FN:1,caesarCipher
FNF:1
FNH:1
FNDA:6,caesarCipher
DA:1,6
DA:2,6
DA:3,30
DA:4,30
DA:5,27
DA:6,27
DA:7,27
DA:8,27
DA:9,27
DA:10,27
DA:11,27
DA:12,27
DA:13,27
DA:14,27
DA:15,27
DA:16,27
DA:17,27
DA:18,27
DA:19,27
DA:20,27
DA:21,27
DA:22,3
DA:23,3
DA:24,3
DA:25,6
DA:26,6
DA:27,1
DA:28,1
LF:28
LH:28
BRDA:1,0,0,6
BRDA:2,1,0,30
BRDA:4,2,0,27
BRDA:14,3,0,3
BRDA:14,4,0,24
BRDA:20,5,0,5
BRDA:20,6,0,22
BRDA:21,7,0,3
BRF:8
BRH:8
end_of_record
TN:
SF:calculator.js
FN:2,add
FN:3,subtract
FN:4,multiply
FN:5,divide
FNF:4
FNH:4
FNDA:1,add
FNDA:1,subtract
FNDA:1,multiply
FNDA:1,divide
DA:1,1
DA:2,1
DA:3,1
DA:4,1
DA:5,1
DA:6,1
DA:7,1
DA:8,1
LF:8
LH:8
BRDA:2,0,0,1
BRDA:3,1,0,1
BRDA:4,2,0,1
BRDA:5,3,0,1
BRF:4
BRH:4
end_of_record
TN:
SF:capitalize.js
FN:1,capitalize
FNF:1
FNH:1
FNDA:1,capitalize
DA:1,1
DA:2,1
DA:3,1
DA:4,1
DA:5,1
LF:5
LH:5
BRDA:1,0,0,1
BRF:1
BRH:1
end_of_record
TN:
SF:reverse-string.js
FN:1,reverseString
FNF:1
FNH:1
FNDA:1,reverseString
DA:1,1
DA:2,1
DA:3,1
DA:4,1
DA:5,1
LF:5
LH:5
BRDA:1,0,0,1
BRF:1
BRH:1
end_of_record
TN:
SF:sum.js
FN:1,sum
FNF:1
FNH:1
FNDA:27,sum
DA:1,27
DA:2,27
DA:3,27
DA:4,1
DA:5,1
LF:5
LH:5
BRDA:1,0,0,27
BRF:1
BRH:1
end_of_record
